Installing missing package: ggplot2
Installing missing package: dplyr
Installing missing package: tidyr
Installing missing package: patchwork
also installing the dependencies 'rlang', 'gtable'


  There are binary versions available but the source versions are later:
          binary source needs_compilation
rlang      1.0.2  1.1.7              TRUE
gtable     0.3.0  0.3.6             FALSE
patchwork  1.1.1  1.3.2             FALSE

  Binaries will be installed
trying URL 'https://cran.r-project.org/bin/windows/contrib/4.0/rlang_1.0.2.zip'
Content type 'application/zip' length 1718546 bytes (1.6 MB)
==================================================
downloaded 1.6 MB

package 'rlang' successfully unpacked and MD5 sums checked
Warning: cannot remove prior installation of package 'rlang'
Warning: restored 'rlang'

The downloaded binary packages are in
	C:\Users\Áé\AppData\Local\Temp\RtmpikbkrD\downloaded_packages
installing the source packages 'gtable', 'patchwork'

trying URL 'https://cran.r-project.org/src/contrib/gtable_0.3.6.tar.gz'
Content type 'application/x-gzip' length 148148 bytes (144 KB)
==================================================
downloaded 144 KB

trying URL 'https://cran.r-project.org/src/contrib/patchwork_1.3.2.tar.gz'
Content type 'application/x-gzip' length 3322521 bytes (3.2 MB)
==================================================
downloaded 3.2 MB

* installing *source* package 'gtable' ...
** package 'gtable' successfully unpacked and MD5 sums checked
** using staged installation
** R
** inst
** byte-compile and prepare package for lazy loading
Error in loadNamespace(i, c(lib.loc, .libPaths()), versionCheck = vI[[i]]) : 
  namespace 'rlang' 1.0.2 is being loaded, but >= 1.1.0 is required
Calls: <Anonymous> ... withCallingHandlers -> loadNamespace -> namespaceImport -> loadNamespace
Execution halted
ERROR: lazy loading failed for package 'gtable'
* removing 'D:/conda/envs/paper_fig_env/Lib/R/library/gtable'
* restoring previous 'D:/conda/envs/paper_fig_env/Lib/R/library/gtable'
* installing *source* package 'patchwork' ...
** package 'patchwork' successfully unpacked and MD5 sums checked
** using staged installation
** R
** inst
** byte-compile and prepare package for lazy loading
Error in loadNamespace(i, c(lib.loc, .libPaths()), versionCheck = vI[[i]]) : 
  namespace 'rlang' 1.0.2 is already loaded, but >= 1.0.5 is required
Calls: <Anonymous> ... asNamespace -> loadNamespace -> namespaceImport -> loadNamespace
Execution halted
ERROR: lazy loading failed for package 'patchwork'
* removing 'D:/conda/envs/paper_fig_env/Lib/R/library/patchwork'
* restoring previous 'D:/conda/envs/paper_fig_env/Lib/R/library/patchwork'

The downloaded source packages are in
	'C:\Users\Áé\AppData\Local\Temp\RtmpikbkrD\downloaded_packages'
Warning messages:
1: package 'ggplot2' is not available for this version of R

A version of this package for your version of R might be available elsewhere,
see the ideas at
https://cran.r-project.org/doc/manuals/r-patched/R-admin.html#Installing-packages 
2: package 'dplyr' is not available for this version of R

A version of this package for your version of R might be available elsewhere,
see the ideas at
https://cran.r-project.org/doc/manuals/r-patched/R-admin.html#Installing-packages 
3: package 'tidyr' is not available for this version of R

A version of this package for your version of R might be available elsewhere,
see the ideas at
https://cran.r-project.org/doc/manuals/r-patched/R-admin.html#Installing-packages 
4: In file.copy(savedcopy, lib, recursive = TRUE) :
  problem copying D:\conda\envs\paper_fig_env\Lib\R\library\00LOCK\rlang\libs\x64\rlang.dll to D:\conda\envs\paper_fig_env\Lib\R\library\rlang\libs\x64\rlang.dll: Permission denied
5: In install.packages(p, repos = "https://cran.r-project.org") :
  installation of package 'gtable' had non-zero exit status
6: In install.packages(p, repos = "https://cran.r-project.org") :
  installation of package 'patchwork' had non-zero exit status
Error: package or namespace load failed for 'ggplot2' in loadNamespace(i, c(lib.loc, .libPaths()), versionCheck = vI[[i]]):
 namespace 'rlang' 1.0.2 is already loaded, but >= 1.0.5 is required
Execution halted
Error occurred with code 1 
